<?xml version="1.0" encoding="UTF-8"?>
<!-- Generated by org.testng.reporters.JUnitXMLReporter -->
<testsuite ignored="0" hostname="LAPTOP-DIVUF89F" failures="0" tests="2" name="ErrorValidation" time="19.646" errors="0" timestamp="2023-03-03T06:22:49 IST">
  <testcase classname="testNgDemo.SeleniumFrameWorkDesign.ErrorValidations" name="errorMessageValidation" time="0.591"/>
  <testcase classname="testNgDemo.SeleniumFrameWorkDesign.ErrorValidations" name="itemsValidations" time="8.194"/>
</testsuite> <!-- ErrorValidation -->
